<?xml version="1.0" encoding="UTF-8"?>
<!-- Generated by org.testng.reporters.JUnitReportReporter -->
<testsuite hostname="Bharath" failures="0" tests="2" name="testng.framework.features.AppCommons" time="0.009" errors="0" timestamp="2025-07-29T21:24:11 IST" skipped="0">
  <testcase classname="testng.framework.features.AppCommons" name="TestCase3" time="0.007"/>
  <system-out/>
  <testcase classname="testng.framework.features.AppCommons" name="TestCase1" time="0.002"/>
  <system-out/>
</testsuite> <!-- testng.framework.features.AppCommons -->
