<?xml version="1.0" encoding="UTF-8"?>
<!-- Generated by org.testng.reporters.JUnitReportReporter -->
<testsuite hostname="Bharath" failures="0" tests="2" name="testng.framework.features.AnnotationsOrderOfTestNG" time="0.025" errors="0" timestamp="2025-07-29T20:26:16 IST" skipped="0">
  <testcase classname="testng.framework.features.AnnotationsOrderOfTestNG" name="testMethod2" time="0.007"/>
  <system-out/>
  <testcase classname="testng.framework.features.AnnotationsOrderOfTestNG" name="testMethod1" time="0.018"/>
  <system-out/>
</testsuite> <!-- testng.framework.features.AnnotationsOrderOfTestNG -->
